[     125ms] [LOG] [Fast Refresh] rebuilding @ http://localhost:3002/_next/static/chunks/node_modules_next_dist_115brz8._.js:2431
[     525ms] [LOG] [Fast Refresh] done in 508ms @ http://localhost:3002/_next/static/chunks/node_modules_next_dist_115brz8._.js:2431
[     650ms] [INFO] %cDownload the React DevTools for a better development experience: https://react.dev/link/react-devtools font-weight:bold @ http://localhost:3002/_next/static/chunks/node_modules_next_dist_115brz8._.js:2431
[     678ms] [LOG] [HMR] connected @ http://localhost:3002/_next/static/chunks/node_modules_next_dist_115brz8._.js:2431
[     953ms] [LOG] %c[Vercel Web Analytics]%c Debug mode is enabled by default in development. No requests will be sent to the server. color: rgb(120, 120, 120) color: inherit @ http://localhost:3002/_next/static/chunks/node_modules_next_dist_115brz8._.js:2431
[     953ms] [LOG] %c[Vercel Web Analytics]%c [view] http://localhost:3002/ color: rgb(120, 120, 120) color: inherit {o: http://localhost:3002/, sv: 0.1.3, sdkn: @vercel/analytics/react, sdkv: 2.0.1, ts: 1776091431317} /_vercel/insights/view @ http://localhost:3002/_next/static/chunks/node_modules_next_dist_115brz8._.js:2431
[   29343ms] [LOG] [Fast Refresh] rebuilding @ http://localhost:3002/_next/static/chunks/node_modules_next_dist_115brz8._.js:2431
[   29393ms] [LOG] [Fast Refresh] done in 157ms @ http://localhost:3002/_next/static/chunks/node_modules_next_dist_115brz8._.js:2431
[ 8343831ms] [WARNING] Image with src "http://localhost:3002/logos/hbo.svg" has either width or height modified, but not the other. If you use CSS to change the size of your image, also include the styles 'width: "auto"' or 'height: "auto"' to maintain the aspect ratio. @ http://localhost:3002/_next/static/chunks/node_modules_next_dist_115brz8._.js:2431
[ 8343836ms] [WARNING] Image with src "http://localhost:3002/logos/tnt-sports.svg" has either width or height modified, but not the other. If you use CSS to change the size of your image, also include the styles 'width: "auto"' or 'height: "auto"' to maintain the aspect ratio. @ http://localhost:3002/_next/static/chunks/node_modules_next_dist_115brz8._.js:2431
[ 8343843ms] [WARNING] Image with src "/logos/point-cola.png" has either width or height modified, but not the other. If you use CSS to change the size of your image, also include the styles 'width: "auto"' or 'height: "auto"' to maintain the aspect ratio. @ http://localhost:3002/_next/static/chunks/node_modules_next_dist_115brz8._.js:2431
[15807316ms] [LOG] [Fast Refresh] rebuilding @ http://localhost:3002/_next/static/chunks/node_modules_next_dist_115brz8._.js:2431
[15807754ms] [LOG] [Fast Refresh] done in 171ms @ http://localhost:3002/_next/static/chunks/node_modules_next_dist_115brz8._.js:2431
[15807873ms] [LOG] [Fast Refresh] rebuilding @ http://localhost:3002/_next/static/chunks/node_modules_next_dist_115brz8._.js:2431
[15807916ms] [LOG] [Fast Refresh] done in 145ms @ http://localhost:3002/_next/static/chunks/node_modules_next_dist_115brz8._.js:2431
[15816829ms] [LOG] [Fast Refresh] rebuilding @ http://localhost:3002/_next/static/chunks/node_modules_next_dist_115brz8._.js:2431
[15817058ms] [LOG] [Fast Refresh] done in 54ms @ http://localhost:3002/_next/static/chunks/node_modules_next_dist_115brz8._.js:2431
[15827979ms] [LOG] [Fast Refresh] rebuilding @ http://localhost:3002/_next/static/chunks/node_modules_next_dist_115brz8._.js:2431
[15828040ms] [LOG] [Fast Refresh] done in 61ms @ http://localhost:3002/_next/static/chunks/node_modules_next_dist_115brz8._.js:2431
[15841036ms] [LOG] [Fast Refresh] rebuilding @ http://localhost:3002/_next/static/chunks/node_modules_next_dist_115brz8._.js:2431
[15841091ms] [LOG] [Fast Refresh] done in 49ms @ http://localhost:3002/_next/static/chunks/node_modules_next_dist_115brz8._.js:2431
[15846007ms] [LOG] [Fast Refresh] rebuilding @ http://localhost:3002/_next/static/chunks/node_modules_next_dist_115brz8._.js:2431
[15846143ms] [LOG] [Fast Refresh] done in 41ms @ http://localhost:3002/_next/static/chunks/node_modules_next_dist_115brz8._.js:2431
[15858074ms] [LOG] [Fast Refresh] rebuilding @ http://localhost:3002/_next/static/chunks/node_modules_next_dist_115brz8._.js:2431
[15858330ms] [LOG] [Fast Refresh] done in 181ms @ http://localhost:3002/_next/static/chunks/node_modules_next_dist_115brz8._.js:2431
[15864782ms] [LOG] [Fast Refresh] rebuilding @ http://localhost:3002/_next/static/chunks/node_modules_next_dist_115brz8._.js:2431
[15865162ms] [WARNING] [HMR] Invalid message: {"isTrusted":true}
TypeError: Cannot convert undefined or null to object
    at Object.keys (<anonymous>)
    at extractModulesFromTurbopackMessage (http://localhost:3002/_next/static/chunks/node_modules_next_dist_client_0fhqo1d._.js:13631:39)
    at TurbopackHmr.onTurbopackMessage (http://localhost:3002/_next/static/chunks/node_modules_next_dist_client_0fhqo1d._.js:13578:32)
    at processMessage (http://localhost:3002/_next/static/chunks/node_modules_next_dist_client_0fhqo1d._.js:13936:30)
    at WebSocket.handleMessage (http://localhost:3002/_next/static/chunks/node_modules_next_dist_client_0fhqo1d._.js:13335:52) @ http://localhost:3002/_next/static/chunks/node_modules_next_dist_115brz8._.js:2431
[15865163ms] [LOG] [Fast Refresh] done in 488ms @ http://localhost:3002/_next/static/chunks/node_modules_next_dist_115brz8._.js:2431
[15865267ms] [LOG] [Fast Refresh] rebuilding @ http://localhost:3002/_next/static/chunks/node_modules_next_dist_115brz8._.js:2431
[15865307ms] [LOG] [Fast Refresh] done in 142ms @ http://localhost:3002/_next/static/chunks/node_modules_next_dist_115brz8._.js:2431
[15865415ms] [LOG] [Fast Refresh] rebuilding @ http://localhost:3002/_next/static/chunks/node_modules_next_dist_115brz8._.js:2431
[15865528ms] [LOG] [Fast Refresh] done in 219ms @ http://localhost:3002/_next/static/chunks/node_modules_next_dist_115brz8._.js:2431
[15865772ms] ReferenceError: HowItWorksSection is not defined
    at HomePage (about://React/Server/C:%5CUsers%5Cpatri%5CDocuments%5CCode%5Ctrabajo%5Cwebpage-belgrano%5C.next%5Cdev%5Cserver%5Cchunks%5Cssr%5C%5Broot-of-the-server%5D__0dwgfqw._.js?188:627:273)
    at resolveErrorDev (http://localhost:3002/_next/static/chunks/node_modules_next_dist_compiled_react-server-dom-turbopack_0p3wegg._.js:1919:105)
    at processFullStringRow (http://localhost:3002/_next/static/chunks/node_modules_next_dist_compiled_react-server-dom-turbopack_0p3wegg._.js:2434:29)
    at processFullBinaryRow (http://localhost:3002/_next/static/chunks/node_modules_next_dist_compiled_react-server-dom-turbopack_0p3wegg._.js:2393:9)
    at processBinaryChunk (http://localhost:3002/_next/static/chunks/node_modules_next_dist_compiled_react-server-dom-turbopack_0p3wegg._.js:2502:221)
    at progress (http://localhost:3002/_next/static/chunks/node_modules_next_dist_compiled_react-server-dom-turbopack_0p3wegg._.js:2689:13)
[15876175ms] [LOG] [Fast Refresh] rebuilding @ http://localhost:3002/_next/static/chunks/node_modules_next_dist_115brz8._.js:2431
[15876733ms] [LOG] [Fast Refresh] done in 16ms @ http://localhost:3002/_next/static/chunks/node_modules_next_dist_115brz8._.js:2431
[15876750ms] [ERROR] Failed to load resource: the server responded with a status of 500 (Internal Server Error) @ http://localhost:3002/:0
[15876842ms] [INFO] %cDownload the React DevTools for a better development experience: https://react.dev/link/react-devtools font-weight:bold @ http://localhost:3002/_next/static/chunks/node_modules_next_dist_115brz8._.js:2431
[15876873ms] [LOG] [HMR] connected @ http://localhost:3002/_next/static/chunks/node_modules_next_dist_115brz8._.js:2431
[15876951ms] ReferenceError: HowItWorksSection is not defined
    at HomePage (about://React/Server/C:%5CUsers%5Cpatri%5CDocuments%5CCode%5Ctrabajo%5Cwebpage-belgrano%5C.next%5Cdev%5Cserver%5Cchunks%5Cssr%5C%5Broot-of-the-server%5D__0dwgfqw._.js?0:627:273)
    at resolveErrorDev (http://localhost:3002/_next/static/chunks/node_modules_next_dist_compiled_react-server-dom-turbopack_0p3wegg._.js:1919:105)
    at processFullStringRow (http://localhost:3002/_next/static/chunks/node_modules_next_dist_compiled_react-server-dom-turbopack_0p3wegg._.js:2434:29)
    at processFullBinaryRow (http://localhost:3002/_next/static/chunks/node_modules_next_dist_compiled_react-server-dom-turbopack_0p3wegg._.js:2393:9)
    at processBinaryChunk (http://localhost:3002/_next/static/chunks/node_modules_next_dist_compiled_react-server-dom-turbopack_0p3wegg._.js:2502:221)
    at progress (http://localhost:3002/_next/static/chunks/node_modules_next_dist_compiled_react-server-dom-turbopack_0p3wegg._.js:2689:13)
[15876988ms] [ERROR] Failed to load resource: the server responded with a status of 404 (Not Found) @ http://localhost:3002/favicon.ico:0
[15877050ms] [LOG] [Fast Refresh] rebuilding @ http://localhost:3002/_next/static/chunks/node_modules_next_dist_115brz8._.js:2431
[15877061ms] [LOG] [Fast Refresh] done in 111ms @ http://localhost:3002/_next/static/chunks/node_modules_next_dist_115brz8._.js:2431
[15886171ms] [LOG] [Fast Refresh] rebuilding @ http://localhost:3002/_next/static/chunks/node_modules_next_dist_115brz8._.js:2431
[15886655ms] [LOG] [Fast Refresh] done in 47ms @ http://localhost:3002/_next/static/chunks/node_modules_next_dist_115brz8._.js:2431
[15886879ms] [INFO] %cDownload the React DevTools for a better development experience: https://react.dev/link/react-devtools font-weight:bold @ http://localhost:3002/_next/static/chunks/node_modules_next_dist_115brz8._.js:2431
[15886912ms] [LOG] [HMR] connected @ http://localhost:3002/_next/static/chunks/node_modules_next_dist_115brz8._.js:2431
[15887071ms] [WARNING] Image with src "http://localhost:3002/logos/tnt-sports.svg" has either width or height modified, but not the other. If you use CSS to change the size of your image, also include the styles 'width: "auto"' or 'height: "auto"' to maintain the aspect ratio. @ http://localhost:3002/_next/static/chunks/node_modules_next_dist_115brz8._.js:2431
[15887071ms] [WARNING] Image with src "http://localhost:3002/logos/hbo.svg" has either width or height modified, but not the other. If you use CSS to change the size of your image, also include the styles 'width: "auto"' or 'height: "auto"' to maintain the aspect ratio. @ http://localhost:3002/_next/static/chunks/node_modules_next_dist_115brz8._.js:2431
[15887080ms] [WARNING] Image with src "/logos/point-cola.png" has either width or height modified, but not the other. If you use CSS to change the size of your image, also include the styles 'width: "auto"' or 'height: "auto"' to maintain the aspect ratio. @ http://localhost:3002/_next/static/chunks/node_modules_next_dist_115brz8._.js:2431
[15887083ms] [LOG] %c[Vercel Web Analytics]%c Debug mode is enabled by default in development. No requests will be sent to the server. color: rgb(120, 120, 120) color: inherit @ http://localhost:3002/_next/static/chunks/node_modules_next_dist_115brz8._.js:2431
[15887084ms] [LOG] %c[Vercel Web Analytics]%c [view] http://localhost:3002/ color: rgb(120, 120, 120) color: inherit {o: http://localhost:3002/, sv: 0.1.3, sdkn: @vercel/analytics/react, sdkv: 2.0.1, ts: 1776107317448} /_vercel/insights/view @ http://localhost:3002/_next/static/chunks/node_modules_next_dist_115brz8._.js:2431
[15912529ms] [LOG] [Fast Refresh] rebuilding @ http://localhost:3002/_next/static/chunks/node_modules_next_dist_115brz8._.js:2431
[15912589ms] [LOG] [Fast Refresh] done in 60ms @ http://localhost:3002/_next/static/chunks/node_modules_next_dist_115brz8._.js:2431
[15922849ms] [LOG] [Fast Refresh] rebuilding @ http://localhost:3002/_next/static/chunks/node_modules_next_dist_115brz8._.js:2431
[15922931ms] [LOG] [Fast Refresh] done in 140ms @ http://localhost:3002/_next/static/chunks/node_modules_next_dist_115brz8._.js:2431
