[     123ms] [LOG] [Fast Refresh] rebuilding @ http://localhost:3002/_next/static/chunks/node_modules_next_dist_115brz8._.js:2431
[     183ms] [LOG] [Fast Refresh] done in 173ms @ http://localhost:3002/_next/static/chunks/node_modules_next_dist_115brz8._.js:2431
[     360ms] [INFO] %cDownload the React DevTools for a better development experience: https://react.dev/link/react-devtools font-weight:bold @ http://localhost:3002/_next/static/chunks/node_modules_next_dist_115brz8._.js:2431
[     398ms] [LOG] [HMR] connected @ http://localhost:3002/_next/static/chunks/node_modules_next_dist_115brz8._.js:2431
[     597ms] [WARNING] Image with src "http://localhost:3002/logos/tnt-sports.svg" has either width or height modified, but not the other. If you use CSS to change the size of your image, also include the styles 'width: "auto"' or 'height: "auto"' to maintain the aspect ratio. @ http://localhost:3002/_next/static/chunks/node_modules_next_dist_115brz8._.js:2431
[     597ms] [WARNING] Image with src "http://localhost:3002/logos/hbo.svg" has either width or height modified, but not the other. If you use CSS to change the size of your image, also include the styles 'width: "auto"' or 'height: "auto"' to maintain the aspect ratio. @ http://localhost:3002/_next/static/chunks/node_modules_next_dist_115brz8._.js:2431
[     601ms] [LOG] %c[Vercel Web Analytics]%c Debug mode is enabled by default in development. No requests will be sent to the server. color: rgb(120, 120, 120) color: inherit @ http://localhost:3002/_next/static/chunks/node_modules_next_dist_115brz8._.js:2431
[     602ms] [LOG] %c[Vercel Web Analytics]%c [view] http://localhost:3002/ color: rgb(120, 120, 120) color: inherit {o: http://localhost:3002/, sv: 0.1.3, sdkn: @vercel/analytics/react, sdkv: 2.0.1, ts: 1775785422855} /_vercel/insights/view @ http://localhost:3002/_next/static/chunks/node_modules_next_dist_115brz8._.js:2431
[     606ms] [WARNING] Image with src "/logos/point-cola.png" has either width or height modified, but not the other. If you use CSS to change the size of your image, also include the styles 'width: "auto"' or 'height: "auto"' to maintain the aspect ratio. @ http://localhost:3002/_next/static/chunks/node_modules_next_dist_115brz8._.js:2431
[  172549ms] [LOG] [Fast Refresh] rebuilding @ http://localhost:3002/_next/static/chunks/node_modules_next_dist_115brz8._.js:2431
[  172642ms] [WARNING] [HMR] Invalid message: {"isTrusted":true}
TypeError: Cannot convert undefined or null to object
    at Object.keys (<anonymous>)
    at extractModulesFromTurbopackMessage (http://localhost:3002/_next/static/chunks/node_modules_next_dist_client_0fhqo1d._.js:13631:39)
    at TurbopackHmr.onTurbopackMessage (http://localhost:3002/_next/static/chunks/node_modules_next_dist_client_0fhqo1d._.js:13578:32)
    at processMessage (http://localhost:3002/_next/static/chunks/node_modules_next_dist_client_0fhqo1d._.js:13936:30)
    at WebSocket.handleMessage (http://localhost:3002/_next/static/chunks/node_modules_next_dist_client_0fhqo1d._.js:13335:52) @ http://localhost:3002/_next/static/chunks/node_modules_next_dist_115brz8._.js:2431
[  172770ms] [LOG] [Fast Refresh] done in 303ms @ http://localhost:3002/_next/static/chunks/node_modules_next_dist_115brz8._.js:2431
[  172881ms] [LOG] [Fast Refresh] rebuilding @ http://localhost:3002/_next/static/chunks/node_modules_next_dist_115brz8._.js:2431
[  172942ms] [LOG] [Fast Refresh] done in 170ms @ http://localhost:3002/_next/static/chunks/node_modules_next_dist_115brz8._.js:2431
[  173203ms] [LOG] [Fast Refresh] rebuilding @ http://localhost:3002/_next/static/chunks/node_modules_next_dist_115brz8._.js:2431
[  173448ms] [LOG] [Fast Refresh] done in 351ms @ http://localhost:3002/_next/static/chunks/node_modules_next_dist_115brz8._.js:2431
[  173826ms] [LOG] [Fast Refresh] rebuilding @ http://localhost:3002/_next/static/chunks/node_modules_next_dist_115brz8._.js:2431
[  174029ms] [LOG] [Fast Refresh] done in 305ms @ http://localhost:3002/_next/static/chunks/node_modules_next_dist_115brz8._.js:2431
[  174410ms] [LOG] [Fast Refresh] rebuilding @ http://localhost:3002/_next/static/chunks/node_modules_next_dist_115brz8._.js:2431
[  174433ms] [LOG] [Fast Refresh] done in 125ms @ http://localhost:3002/_next/static/chunks/node_modules_next_dist_115brz8._.js:2431
[  174542ms] [LOG] [Fast Refresh] rebuilding @ http://localhost:3002/_next/static/chunks/node_modules_next_dist_115brz8._.js:2431
[  174583ms] [LOG] [Fast Refresh] done in 149ms @ http://localhost:3002/_next/static/chunks/node_modules_next_dist_115brz8._.js:2431
[  838425ms] [LOG] [Fast Refresh] rebuilding @ http://localhost:3002/_next/static/chunks/node_modules_next_dist_115brz8._.js:2431
[  838491ms] [LOG] [Fast Refresh] done in 57ms @ http://localhost:3002/_next/static/chunks/node_modules_next_dist_115brz8._.js:2431
[  845465ms] [LOG] [Fast Refresh] rebuilding @ http://localhost:3002/_next/static/chunks/node_modules_next_dist_115brz8._.js:2431
[  845527ms] [LOG] [Fast Refresh] done in 46ms @ http://localhost:3002/_next/static/chunks/node_modules_next_dist_115brz8._.js:2431
[  852697ms] [LOG] [Fast Refresh] rebuilding @ http://localhost:3002/_next/static/chunks/node_modules_next_dist_115brz8._.js:2431
[  852887ms] [LOG] [Fast Refresh] done in 52ms @ http://localhost:3002/_next/static/chunks/node_modules_next_dist_115brz8._.js:2431
[  857162ms] [LOG] [Fast Refresh] rebuilding @ http://localhost:3002/_next/static/chunks/node_modules_next_dist_115brz8._.js:2431
[  857321ms] [LOG] [Fast Refresh] done in 47ms @ http://localhost:3002/_next/static/chunks/node_modules_next_dist_115brz8._.js:2431
[  860943ms] [LOG] [Fast Refresh] rebuilding @ http://localhost:3002/_next/static/chunks/node_modules_next_dist_115brz8._.js:2431
[  861094ms] [LOG] [Fast Refresh] done in 71ms @ http://localhost:3002/_next/static/chunks/node_modules_next_dist_115brz8._.js:2431
