[     145ms] [INFO] %cDownload the React DevTools for a better development experience: https://react.dev/link/react-devtools font-weight:bold @ http://localhost:3002/_next/static/chunks/node_modules_next_dist_115brz8._.js:2431
[     173ms] [LOG] [HMR] connected @ http://localhost:3002/_next/static/chunks/node_modules_next_dist_115brz8._.js:2431
[     325ms] [LOG] %c[Vercel Web Analytics]%c Debug mode is enabled by default in development. No requests will be sent to the server. color: rgb(120, 120, 120) color: inherit @ http://localhost:3002/_next/static/chunks/node_modules_next_dist_115brz8._.js:2431
[     326ms] [LOG] %c[Vercel Web Analytics]%c [view] http://localhost:3002/ color: rgb(120, 120, 120) color: inherit {o: http://localhost:3002/, sv: 0.1.3, sdkn: @vercel/analytics/react, sdkv: 2.0.1, ts: 1775776091985} /_vercel/insights/view @ http://localhost:3002/_next/static/chunks/node_modules_next_dist_115brz8._.js:2431
[ 4720998ms] [INFO] %cDownload the React DevTools for a better development experience: https://react.dev/link/react-devtools font-weight:bold @ http://localhost:3002/_next/static/chunks/node_modules_next_dist_115brz8._.js:2431
[ 4721024ms] [LOG] [HMR] connected @ http://localhost:3002/_next/static/chunks/node_modules_next_dist_115brz8._.js:2431
[ 4721105ms] [LOG] %c[Vercel Web Analytics]%c Debug mode is enabled by default in development. No requests will be sent to the server. color: rgb(120, 120, 120) color: inherit @ http://localhost:3002/_next/static/chunks/node_modules_next_dist_115brz8._.js:2431
[ 4721105ms] [LOG] %c[Vercel Web Analytics]%c [view] http://localhost:3002/ color: rgb(120, 120, 120) color: inherit {o: http://localhost:3002/, sv: 0.1.3, sdkn: @vercel/analytics/react, sdkv: 2.0.1, ts: 1775780812764} /_vercel/insights/view @ http://localhost:3002/_next/static/chunks/node_modules_next_dist_115brz8._.js:2431
[ 4728460ms] [WARNING] Datadog Browser SDK: No storage available for session. We will not send any data. @ https://assets.calendly.com/assets/booking/js/booking-fb598ec2e.js:76
[ 4734600ms] [LOG] %c[Vercel Web Analytics]%c [view] http://localhost:3002/verticales/media color: rgb(120, 120, 120) color: inherit {o: http://localhost:3002/verticales/media, sv: 0.1.3, sdkn: @vercel/analytics/react, sdkv: 2.0.1, ts: 1775780826232} /_vercel/insights/view @ http://localhost:3002/_next/static/chunks/node_modules_next_dist_115brz8._.js:2431
[ 4734655ms] [LOG] [Fast Refresh] rebuilding @ http://localhost:3002/_next/static/chunks/node_modules_next_dist_115brz8._.js:2431
[ 4734656ms] [LOG] [Fast Refresh] done in 105ms @ http://localhost:3002/_next/static/chunks/node_modules_next_dist_115brz8._.js:2431
[ 4738189ms] [WARNING] Datadog Browser SDK: No storage available for session. We will not send any data. @ https://assets.calendly.com/assets/booking/js/booking-fb598ec2e.js:76
[ 4738544ms] [LOG] %c[Vercel Web Analytics]%c [view] http://localhost:3002/ color: rgb(120, 120, 120) color: inherit {o: http://localhost:3002/, sv: 0.1.3, sdkn: @vercel/analytics/react, sdkv: 2.0.1, ts: 1775780830203} /_vercel/insights/view @ http://localhost:3002/_next/static/chunks/node_modules_next_dist_115brz8._.js:2431
[ 8960623ms] [LOG] [Fast Refresh] rebuilding @ http://localhost:3002/_next/static/chunks/node_modules_next_dist_115brz8._.js:2431
[ 8960694ms] [LOG] [Fast Refresh] done in 101ms @ http://localhost:3002/_next/static/chunks/node_modules_next_dist_115brz8._.js:2431
[ 8965441ms] [LOG] [Fast Refresh] rebuilding @ http://localhost:3002/_next/static/chunks/node_modules_next_dist_115brz8._.js:2431
[ 8965518ms] [LOG] [Fast Refresh] done in 76ms @ http://localhost:3002/_next/static/chunks/node_modules_next_dist_115brz8._.js:2431
[ 8968321ms] [LOG] [Fast Refresh] rebuilding @ http://localhost:3002/_next/static/chunks/node_modules_next_dist_115brz8._.js:2431
[ 8968457ms] [LOG] [Fast Refresh] done in 69ms @ http://localhost:3002/_next/static/chunks/node_modules_next_dist_115brz8._.js:2431
