[     111ms] [LOG] [Fast Refresh] rebuilding @ http://localhost:3002/_next/static/chunks/0.vc_next_dist_0b_vm7d._.js:2431
[     299ms] [LOG] [Fast Refresh] done in 291ms @ http://localhost:3002/_next/static/chunks/0.vc_next_dist_0b_vm7d._.js:2431
[     399ms] [INFO] %cDownload the React DevTools for a better development experience: https://react.dev/link/react-devtools font-weight:bold @ http://localhost:3002/_next/static/chunks/0.vc_next_dist_0b_vm7d._.js:2431
[     423ms] [LOG] [HMR] connected @ http://localhost:3002/_next/static/chunks/0.vc_next_dist_0b_vm7d._.js:2431
[     529ms] [LOG] %c[Vercel Web Analytics]%c Debug mode is enabled by default in development. No requests will be sent to the server. color: rgb(120, 120, 120) color: inherit @ http://localhost:3002/_next/static/chunks/0.vc_next_dist_0b_vm7d._.js:2431
[     529ms] [LOG] %c[Vercel Web Analytics]%c [view] http://localhost:3002/ color: rgb(120, 120, 120) color: inherit {o: http://localhost:3002/, sv: 0.1.3, sdkn: @vercel/analytics/react, sdkv: 2.0.1, ts: 1775605653970} /_vercel/insights/view @ http://localhost:3002/_next/static/chunks/0.vc_next_dist_0b_vm7d._.js:2431
[    1149ms] [WARNING] Image with src "http://localhost:3002/logos/tnt-sports.svg" has either width or height modified, but not the other. If you use CSS to change the size of your image, also include the styles 'width: "auto"' or 'height: "auto"' to maintain the aspect ratio. @ http://localhost:3002/_next/static/chunks/0.vc_next_dist_0b_vm7d._.js:2431
[    1150ms] [WARNING] Image with src "http://localhost:3002/logos/hbo.svg" has either width or height modified, but not the other. If you use CSS to change the size of your image, also include the styles 'width: "auto"' or 'height: "auto"' to maintain the aspect ratio. @ http://localhost:3002/_next/static/chunks/0.vc_next_dist_0b_vm7d._.js:2431
[    1152ms] [WARNING] Image with src "/logos/point-cola.png" has either width or height modified, but not the other. If you use CSS to change the size of your image, also include the styles 'width: "auto"' or 'height: "auto"' to maintain the aspect ratio. @ http://localhost:3002/_next/static/chunks/0.vc_next_dist_0b_vm7d._.js:2431
[    4152ms] [WARNING] The resource http://localhost:3002/_next/static/media/83afe278b6a6bb3c-s.p.0q-301v4kxxnr.woff2 was preloaded using link preload but not used within a few seconds from the window's load event. Please make sure it has an appropriate `as` value and it is preloaded intentionally. @ http://localhost:3002/:0
[   35599ms] [WARNING] The resource http://localhost:3002/_next/static/media/83afe278b6a6bb3c-s.p.0q-301v4kxxnr.woff2 was preloaded using link preload but not used within a few seconds from the window's load event. Please make sure it has an appropriate `as` value and it is preloaded intentionally. @ http://localhost:3002/:0
[ 1820767ms] [LOG] [Fast Refresh] rebuilding @ http://localhost:3002/_next/static/chunks/0.vc_next_dist_0b_vm7d._.js:2431
[ 1820799ms] [LOG] [Fast Refresh] done in 135ms @ http://localhost:3002/_next/static/chunks/0.vc_next_dist_0b_vm7d._.js:2431
[ 1821229ms] [LOG] [Fast Refresh] rebuilding @ http://localhost:3002/_next/static/chunks/0.vc_next_dist_0b_vm7d._.js:2431
[ 1821229ms] [LOG] [Fast Refresh] done in 105ms @ http://localhost:3002/_next/static/chunks/0.vc_next_dist_0b_vm7d._.js:2431
[ 2045469ms] [LOG] [Fast Refresh] rebuilding @ http://localhost:3002/_next/static/chunks/0.vc_next_dist_0b_vm7d._.js:2431
[ 2045677ms] [LOG] [Fast Refresh] done in 312ms @ http://localhost:3002/_next/static/chunks/0.vc_next_dist_0b_vm7d._.js:2431
[ 2482533ms] [INFO] %cDownload the React DevTools for a better development experience: https://react.dev/link/react-devtools font-weight:bold @ http://localhost:3002/_next/static/chunks/0.vc_next_dist_0b_vm7d._.js:2431
[ 2482562ms] [LOG] [HMR] connected @ http://localhost:3002/_next/static/chunks/0.vc_next_dist_0b_vm7d._.js:2431
[ 2482632ms] [WARNING] Image with src "http://localhost:3002/logos/tnt-sports.svg" has either width or height modified, but not the other. If you use CSS to change the size of your image, also include the styles 'width: "auto"' or 'height: "auto"' to maintain the aspect ratio. @ http://localhost:3002/_next/static/chunks/0.vc_next_dist_0b_vm7d._.js:2431
[ 2482632ms] [WARNING] Image with src "http://localhost:3002/logos/hbo.svg" has either width or height modified, but not the other. If you use CSS to change the size of your image, also include the styles 'width: "auto"' or 'height: "auto"' to maintain the aspect ratio. @ http://localhost:3002/_next/static/chunks/0.vc_next_dist_0b_vm7d._.js:2431
[ 2482637ms] [WARNING] Image with src "/logos/point-cola.png" has either width or height modified, but not the other. If you use CSS to change the size of your image, also include the styles 'width: "auto"' or 'height: "auto"' to maintain the aspect ratio. @ http://localhost:3002/_next/static/chunks/0.vc_next_dist_0b_vm7d._.js:2431
[ 2482640ms] [LOG] %c[Vercel Web Analytics]%c Debug mode is enabled by default in development. No requests will be sent to the server. color: rgb(120, 120, 120) color: inherit @ http://localhost:3002/_next/static/chunks/0.vc_next_dist_0b_vm7d._.js:2431
[ 2482641ms] [LOG] %c[Vercel Web Analytics]%c [view] http://localhost:3002/ color: rgb(120, 120, 120) color: inherit {o: http://localhost:3002/, sv: 0.1.3, sdkn: @vercel/analytics/react, sdkv: 2.0.1, ts: 1775608136082} /_vercel/insights/view @ http://localhost:3002/_next/static/chunks/0.vc_next_dist_0b_vm7d._.js:2431
